Performing C SOURCE FILE Test CMAKE_HAVE_LIBC_PTHREAD failed with the following output:
Change Dir: /data/stronglogic/ultralight/build/CMakeFiles/CMakeTmp

Run Build Command(s):/usr/bin/gmake -f Makefile cmTC_97ff5/fast && /usr/bin/gmake  -f CMakeFiles/cmTC_97ff5.dir/build.make CMakeFiles/cmTC_97ff5.dir/build
gmake[1]: Entering directory '/data/stronglogic/ultralight/build/CMakeFiles/CMakeTmp'
Building C object CMakeFiles/cmTC_97ff5.dir/src.c.o
/usr/bin/cc -DCMAKE_HAVE_LIBC_PTHREAD   -o CMakeFiles/cmTC_97ff5.dir/src.c.o -c /data/stronglogic/ultralight/build/CMakeFiles/CMakeTmp/src.c
Linking C executable cmTC_97ff5
/usr/bin/cmake -E cmake_link_script CMakeFiles/cmTC_97ff5.dir/link.txt --verbose=1
/usr/bin/cc -rdynamic CMakeFiles/cmTC_97ff5.dir/src.c.o -o cmTC_97ff5 
/usr/bin/ld: CMakeFiles/cmTC_97ff5.dir/src.c.o: in function `main':
src.c:(.text+0x46): undefined reference to `pthread_create'
/usr/bin/ld: src.c:(.text+0x52): undefined reference to `pthread_detach'
/usr/bin/ld: src.c:(.text+0x5e): undefined reference to `pthread_cancel'
/usr/bin/ld: src.c:(.text+0x6f): undefined reference to `pthread_join'
collect2: error: ld returned 1 exit status
gmake[1]: *** [CMakeFiles/cmTC_97ff5.dir/build.make:99: cmTC_97ff5] Error 1
gmake[1]: Leaving directory '/data/stronglogic/ultralight/build/CMakeFiles/CMakeTmp'
gmake: *** [Makefile:127: cmTC_97ff5/fast] Error 2


Source file was:
#include <pthread.h>

static void* test_func(void* data)
{
  return data;
}

int main(void)
{
  pthread_t thread;
  pthread_create(&thread, NULL, test_func, NULL);
  pthread_detach(thread);
  pthread_cancel(thread);
  pthread_join(thread, NULL);
  pthread_atfork(NULL, NULL, NULL);
  pthread_exit(NULL);

  return 0;
}

Determining if the function pthread_create exists in the pthreads failed with the following output:
Change Dir: /data/stronglogic/ultralight/build/CMakeFiles/CMakeTmp

Run Build Command(s):/usr/bin/gmake -f Makefile cmTC_e02f2/fast && /usr/bin/gmake  -f CMakeFiles/cmTC_e02f2.dir/build.make CMakeFiles/cmTC_e02f2.dir/build
gmake[1]: Entering directory '/data/stronglogic/ultralight/build/CMakeFiles/CMakeTmp'
Building C object CMakeFiles/cmTC_e02f2.dir/CheckFunctionExists.c.o
/usr/bin/cc   -DCHECK_FUNCTION_EXISTS=pthread_create -o CMakeFiles/cmTC_e02f2.dir/CheckFunctionExists.c.o -c /usr/share/cmake-3.21/Modules/CheckFunctionExists.c
Linking C executable cmTC_e02f2
/usr/bin/cmake -E cmake_link_script CMakeFiles/cmTC_e02f2.dir/link.txt --verbose=1
/usr/bin/cc  -DCHECK_FUNCTION_EXISTS=pthread_create -rdynamic CMakeFiles/cmTC_e02f2.dir/CheckFunctionExists.c.o -o cmTC_e02f2  -lpthreads 
/usr/bin/ld: cannot find -lpthreads
collect2: error: ld returned 1 exit status
gmake[1]: *** [CMakeFiles/cmTC_e02f2.dir/build.make:99: cmTC_e02f2] Error 1
gmake[1]: Leaving directory '/data/stronglogic/ultralight/build/CMakeFiles/CMakeTmp'
gmake: *** [Makefile:127: cmTC_e02f2/fast] Error 2



